<?xml version="1.0" encoding="UTF-8"?>
<!-- Generated by org.testng.reporters.JUnitReportReporter -->
<testsuite skipped="0" hostname="MLPT003" name="com.mv.GetsPlacements2.GetToken" tests="5" failures="0" timestamp="2020-03-30T10:12:43 IST" time="525.774" errors="0">
  <testcase name="testRunner" time="105.531" classname="com.mv.GetsPlacements2.GetToken"/>
  <testcase name="testRunner" time="105.821" classname="com.mv.GetsPlacements2.GetToken"/>
  <testcase name="testRunner" time="106.127" classname="com.mv.GetsPlacements2.GetToken"/>
  <testcase name="testRunner" time="103.081" classname="com.mv.GetsPlacements2.GetToken"/>
  <testcase name="testRunner" time="105.214" classname="com.mv.GetsPlacements2.GetToken"/>
</testsuite> <!-- com.mv.GetsPlacements2.GetToken -->
