<?xml version="1.0" encoding="UTF-8"?>
<!-- Generated by org.testng.reporters.JUnitReportReporter -->
<testsuite skipped="0" hostname="MLPT003" name="com.mv.GetsPlacements2.RunForLoop" tests="1" failures="0" timestamp="2020-03-25T10:21:51 IST" time="0.018" errors="0">
  <testcase name="getToken" time="0.018" classname="com.mv.GetsPlacements2.RunForLoop"/>
</testsuite> <!-- com.mv.GetsPlacements2.RunForLoop -->
