<?xml version="1.0" encoding="UTF-8"?>
<!-- Generated by org.testng.reporters.JUnitReportReporter -->
<testsuite skipped="0" hostname="MLPT003" name="com.mv.GetsPlacements2.TestClass" tests="5" failures="0" timestamp="2020-03-25T20:54:01 IST" time="0.035" errors="0">
  <testcase name="testRunner" time="0.003" classname="com.mv.GetsPlacements2.TestClass"/>
  <testcase name="testRunner" time="0.002" classname="com.mv.GetsPlacements2.TestClass"/>
  <testcase name="testRunner" time="0.003" classname="com.mv.GetsPlacements2.TestClass"/>
  <testcase name="testRunner" time="0.023" classname="com.mv.GetsPlacements2.TestClass"/>
  <testcase name="testRunner" time="0.004" classname="com.mv.GetsPlacements2.TestClass"/>
</testsuite> <!-- com.mv.GetsPlacements2.TestClass -->
